android/app/build/intermediates/manifest_merge_blame_file/release/manifest-merger-blame-release-report.txt
1<?xml version="1.0" encoding="utf-8"?>
2<manifest xmlns:android="http://schemas.android.com/apk/res/android"
3    package="com.pixright"
4    android:versionCode="1"
5    android:versionName="1.0" >
6
7    <uses-sdk
8        android:minSdkVersion="21"
8-->src/main/AndroidManifest.xml
9        android:targetSdkVersion="33" />
9-->src/main/AndroidManifest.xml
10
11    <uses-permission android:name="android.permission.INTERNET" />
11-->src/main/AndroidManifest.xml:3:4-66
11-->src/main/AndroidManifest.xml:3:21-63
12
13    <application
13-->src/main/AndroidManifest.xml:4:5-23:19
14        android:name="com.pixright.MainApplication"
14-->src/main/AndroidManifest.xml:5:7-38
15        android:allowBackup="false"
15-->src/main/AndroidManifest.xml:9:7-34
16        android:appComponentFactory="androidx.core.app.CoreComponentFactory"
16-->[androidx.core:core:1.7.0] AndroidManifest.xml:24:18-86
17        android:icon="@mipmap/ic_launcher"
17-->src/main/AndroidManifest.xml:7:7-41
18        android:label="@string/app_name"
18-->src/main/AndroidManifest.xml:6:7-39
19        android:roundIcon="@mipmap/ic_launcher_round"
19-->src/main/AndroidManifest.xml:8:7-52
20        android:theme="@style/AppTheme" >
20-->src/main/AndroidManifest.xml:10:7-38
21        <activity
21-->src/main/AndroidManifest.xml:11:7-22:18
22            android:name="com.pixright.MainActivity"
22-->src/main/AndroidManifest.xml:12:9-37
23            android:configChanges="keyboard|keyboardHidden|orientation|screenLayout|screenSize|smallestScreenSize|uiMode"
23-->src/main/AndroidManifest.xml:14:9-118
24            android:exported="true"
24-->src/main/AndroidManifest.xml:17:9-32
25            android:label="@string/app_name"
25-->src/main/AndroidManifest.xml:13:9-41
26            android:launchMode="singleTask"
26-->src/main/AndroidManifest.xml:15:9-40
27            android:windowSoftInputMode="adjustResize" >
27-->src/main/AndroidManifest.xml:16:9-51
28            <intent-filter>
28-->src/main/AndroidManifest.xml:18:9-21:25
29                <action android:name="android.intent.action.MAIN" />
29-->src/main/AndroidManifest.xml:19:13-65
29-->src/main/AndroidManifest.xml:19:21-62
30
31                <category android:name="android.intent.category.LAUNCHER" />
31-->src/main/AndroidManifest.xml:20:13-73
31-->src/main/AndroidManifest.xml:20:23-70
32            </intent-filter>
33        </activity>
34
35        <provider
35-->[:react-native-image-picker] AndroidManifest.xml:8:9-16:20
36            android:name="com.imagepicker.ImagePickerProvider"
36-->[:react-native-image-picker] AndroidManifest.xml:9:13-63
37            android:authorities="com.pixright.imagepickerprovider"
37-->[:react-native-image-picker] AndroidManifest.xml:10:13-71
38            android:exported="false"
38-->[:react-native-image-picker] AndroidManifest.xml:11:13-37
39            android:grantUriPermissions="true" >
39-->[:react-native-image-picker] AndroidManifest.xml:12:13-47
40            <meta-data
40-->[:react-native-image-picker] AndroidManifest.xml:13:13-15:70
41                android:name="android.support.FILE_PROVIDER_PATHS"
41-->[:react-native-image-picker] AndroidManifest.xml:14:17-67
42                android:resource="@xml/imagepicker_provider_paths" />
42-->[:react-native-image-picker] AndroidManifest.xml:15:17-67
43        </provider>
44        <provider
44-->[:react-native-share] AndroidManifest.xml:8:9-16:20
45            android:name="cl.json.RNShareFileProvider"
45-->[:react-native-share] AndroidManifest.xml:9:13-55
46            android:authorities="com.pixright.rnshare.fileprovider"
46-->[:react-native-share] AndroidManifest.xml:10:13-72
47            android:exported="false"
47-->[:react-native-share] AndroidManifest.xml:11:13-37
48            android:grantUriPermissions="true" >
48-->[:react-native-share] AndroidManifest.xml:12:13-47
49            <meta-data
49-->[:react-native-image-picker] AndroidManifest.xml:13:13-15:70
50                android:name="android.support.FILE_PROVIDER_PATHS"
50-->[:react-native-image-picker] AndroidManifest.xml:14:17-67
51                android:resource="@xml/share_download_paths" />
51-->[:react-native-image-picker] AndroidManifest.xml:15:17-67
52        </provider>
53        <provider
53-->[androidx.emoji2:emoji2:1.0.0] AndroidManifest.xml:26:9-34:20
54            android:name="androidx.startup.InitializationProvider"
54-->[androidx.emoji2:emoji2:1.0.0] AndroidManifest.xml:27:13-67
55            android:authorities="com.pixright.androidx-startup"
55-->[androidx.emoji2:emoji2:1.0.0] AndroidManifest.xml:28:13-68
56            android:exported="false" >
56-->[androidx.emoji2:emoji2:1.0.0] AndroidManifest.xml:29:13-37
57            <meta-data
57-->[androidx.emoji2:emoji2:1.0.0] AndroidManifest.xml:31:13-33:52
58                android:name="androidx.emoji2.text.EmojiCompatInitializer"
58-->[androidx.emoji2:emoji2:1.0.0] AndroidManifest.xml:32:17-75
59                android:value="androidx.startup" />
59-->[androidx.emoji2:emoji2:1.0.0] AndroidManifest.xml:33:17-49
60            <meta-data
60-->[androidx.lifecycle:lifecycle-process:2.4.0] AndroidManifest.xml:31:13-33:52
61                android:name="androidx.lifecycle.ProcessLifecycleInitializer"
61-->[androidx.lifecycle:lifecycle-process:2.4.0] AndroidManifest.xml:32:17-78
62                android:value="androidx.startup" />
62-->[androidx.lifecycle:lifecycle-process:2.4.0] AndroidManifest.xml:33:17-49
63        </provider>
64
65        <meta-data
65-->[com.facebook.soloader:soloader:0.10.5] AndroidManifest.xml:12:9-14:37
66            android:name="com.facebook.soloader.enabled"
66-->[com.facebook.soloader:soloader:0.10.5] AndroidManifest.xml:13:13-57
67            android:value="false" />
67-->[com.facebook.soloader:soloader:0.10.5] AndroidManifest.xml:14:13-34
68    </application>
69
70</manifest>